Iniciando monitoramento detalhado do processo com PID 168...
Monitoramento será feito por 50 segundos.
----------------------------------------------------
Momento: 2024-08-26 20:27:18
Estado atual do processo: Dormindo (sono interruptível) (Código: Ss)
Espaço de memória ocupado (PCB): 4308K
Utilização de CPU:  0.0%
----------------------------------------------------
Momento: 2024-08-26 20:27:19
Estado atual do processo: Dormindo (sono interruptível) (Código: Ss)
Espaço de memória ocupado (PCB): 4308K
Utilização de CPU:  0.0%
----------------------------------------------------
Momento: 2024-08-26 20:27:20
Estado atual do processo: Dormindo (sono interruptível) (Código: Ss)
Espaço de memória ocupado (PCB): 4308K
Utilização de CPU:  0.0%
----------------------------------------------------
Momento: 2024-08-26 20:27:21
Estado atual do processo: Dormindo (sono interruptível) (Código: Ss)
Espaço de memória ocupado (PCB): 4308K
Utilização de CPU:  0.0%
----------------------------------------------------
Momento: 2024-08-26 20:27:22
Estado atual do processo: Dormindo (sono interruptível) (Código: Ss)
Espaço de memória ocupado (PCB): 4308K
Utilização de CPU:  0.0%
----------------------------------------------------
Momento: 2024-08-26 20:27:23
Estado atual do processo: Dormindo (sono interruptível) (Código: Ss)
Espaço de memória ocupado (PCB): 4308K
Utilização de CPU:  0.0%
----------------------------------------------------
Momento: 2024-08-26 20:27:24
Estado atual do processo: Dormindo (sono interruptível) (Código: Ss)
Espaço de memória ocupado (PCB): 4308K
Utilização de CPU:  0.0%
----------------------------------------------------
Momento: 2024-08-26 20:27:25
Estado atual do processo: Dormindo (sono interruptível) (Código: Ss)
Espaço de memória ocupado (PCB): 4308K
Utilização de CPU:  0.0%
----------------------------------------------------
Momento: 2024-08-26 20:27:26
Estado atual do processo: Dormindo (sono interruptível) (Código: Ss)
Espaço de memória ocupado (PCB): 4308K
Utilização de CPU:  0.0%
----------------------------------------------------
Momento: 2024-08-26 20:27:27
Estado atual do processo: Dormindo (sono interruptível) (Código: Ss)
Espaço de memória ocupado (PCB): 4308K
Utilização de CPU:  0.0%
----------------------------------------------------
Momento: 2024-08-26 20:27:29
Estado atual do processo: Dormindo (sono interruptível) (Código: Ss)
Espaço de memória ocupado (PCB): 4308K
Utilização de CPU:  0.0%
----------------------------------------------------
Momento: 2024-08-26 20:27:30
Estado atual do processo: Dormindo (sono interruptível) (Código: Ss)
Espaço de memória ocupado (PCB): 4308K
Utilização de CPU:  0.0%
----------------------------------------------------
Momento: 2024-08-26 20:27:31
Estado atual do processo: Dormindo (sono interruptível) (Código: Ss)
Espaço de memória ocupado (PCB): 4308K
Utilização de CPU:  0.0%
----------------------------------------------------
Momento: 2024-08-26 20:27:32
Estado atual do processo: Dormindo (sono interruptível) (Código: Ss)
Espaço de memória ocupado (PCB): 4308K
Utilização de CPU:  0.0%
----------------------------------------------------
Momento: 2024-08-26 20:27:33
Estado atual do processo: Dormindo (sono interruptível) (Código: Ss)
Espaço de memória ocupado (PCB): 4308K
Utilização de CPU:  0.0%
----------------------------------------------------
Momento: 2024-08-26 20:27:34
Estado atual do processo: Dormindo (sono interruptível) (Código: Ss)
Espaço de memória ocupado (PCB): 4308K
Utilização de CPU:  0.0%
----------------------------------------------------
Momento: 2024-08-26 20:27:35
Estado atual do processo: Dormindo (sono interruptível) (Código: Ss)
Espaço de memória ocupado (PCB): 4308K
Utilização de CPU:  0.0%
----------------------------------------------------
Momento: 2024-08-26 20:27:36
Estado atual do processo: Dormindo (sono interruptível) (Código: Ss)
Espaço de memória ocupado (PCB): 4308K
Utilização de CPU:  0.0%
----------------------------------------------------
Momento: 2024-08-26 20:27:37
Estado atual do processo: Dormindo (sono interruptível) (Código: Ss)
Espaço de memória ocupado (PCB): 4308K
Utilização de CPU:  0.0%
----------------------------------------------------
Momento: 2024-08-26 20:27:38
Estado atual do processo: Dormindo (sono interruptível) (Código: Ss)
Espaço de memória ocupado (PCB): 4308K
Utilização de CPU:  0.0%
----------------------------------------------------
Momento: 2024-08-26 20:27:39
Estado atual do processo: Dormindo (sono interruptível) (Código: Ss)
Espaço de memória ocupado (PCB): 4308K
Utilização de CPU:  0.0%
----------------------------------------------------
Momento: 2024-08-26 20:27:40
Estado atual do processo: Dormindo (sono interruptível) (Código: Ss)
Espaço de memória ocupado (PCB): 4308K
Utilização de CPU:  0.0%
----------------------------------------------------
Momento: 2024-08-26 20:27:41
Estado atual do processo: Dormindo (sono interruptível) (Código: Ss)
Espaço de memória ocupado (PCB): 4308K
Utilização de CPU:  0.0%
----------------------------------------------------
Momento: 2024-08-26 20:27:42
Estado atual do processo: Dormindo (sono interruptível) (Código: Ss)
Espaço de memória ocupado (PCB): 4308K
Utilização de CPU:  0.0%
----------------------------------------------------
Momento: 2024-08-26 20:27:44
Estado atual do processo: Dormindo (sono interruptível) (Código: Ss)
Espaço de memória ocupado (PCB): 4308K
Utilização de CPU:  0.0%
----------------------------------------------------
Momento: 2024-08-26 20:27:45
Estado atual do processo: Dormindo (sono interruptível) (Código: Ss)
Espaço de memória ocupado (PCB): 4308K
Utilização de CPU:  0.0%
Iniciando monitoramento detalhado do processo com PID 7309...
Monitoramento será feito por 50 segundos.
----------------------------------------------------
Momento: 2024-08-26 20:29:28
Estado atual do processo: Dormindo (sono interruptível) (Código: S+)
Espaço de memória ocupado (PCB): 7948K
Utilização de CPU:  0.1%
----------------------------------------------------
Momento: 2024-08-26 20:29:29
Estado atual do processo: Dormindo (sono interruptível) (Código: S+)
Espaço de memória ocupado (PCB): 7948K
Utilização de CPU:  0.1%
----------------------------------------------------
Momento: 2024-08-26 20:29:31
Estado atual do processo: Dormindo (sono interruptível) (Código: S+)
Espaço de memória ocupado (PCB): 7948K
Utilização de CPU:  0.1%
----------------------------------------------------
Momento: 2024-08-26 20:29:32
Estado atual do processo: Dormindo (sono interruptível) (Código: S+)
Espaço de memória ocupado (PCB): 7948K
Utilização de CPU:  0.1%
----------------------------------------------------
Momento: 2024-08-26 20:29:33
Estado atual do processo: Dormindo (sono interruptível) (Código: S+)
Espaço de memória ocupado (PCB): 7948K
Utilização de CPU:  0.1%
----------------------------------------------------
Momento: 2024-08-26 20:29:34
Estado atual do processo: Dormindo (sono interruptível) (Código: S+)
Espaço de memória ocupado (PCB): 7948K
Utilização de CPU:  0.1%
----------------------------------------------------
Momento: 2024-08-26 20:29:35
Estado atual do processo: Dormindo (sono interruptível) (Código: S+)
Espaço de memória ocupado (PCB): 7948K
Utilização de CPU:  0.1%
----------------------------------------------------
Momento: 2024-08-26 20:29:36
Estado atual do processo: Dormindo (sono interruptível) (Código: S+)
Espaço de memória ocupado (PCB): 7948K
Utilização de CPU:  0.1%
----------------------------------------------------
Momento: 2024-08-26 20:29:37
Estado atual do processo: Dormindo (sono interruptível) (Código: S+)
Espaço de memória ocupado (PCB): 7948K
Utilização de CPU:  0.1%
----------------------------------------------------
Momento: 2024-08-26 20:29:38
Estado atual do processo: Dormindo (sono interruptível) (Código: S+)
Espaço de memória ocupado (PCB): 7948K
Utilização de CPU:  0.1%
----------------------------------------------------
Momento: 2024-08-26 20:29:39
Estado atual do processo: Dormindo (sono interruptível) (Código: S+)
Espaço de memória ocupado (PCB): 7948K
Utilização de CPU:  0.1%
----------------------------------------------------
Momento: 2024-08-26 20:29:40
Estado atual do processo: Dormindo (sono interruptível) (Código: S+)
Iniciando monitoramento detalhado do processo com PID 8127...
Monitoramento será feito por 50 segundos.
----------------------------------------------------
Momento: 2024-08-26 20:30:21
Estado atual do processo: Dormindo (sono interruptível) (Código: S+)
Espaço de memória ocupado (PCB): 3212K
Utilização de CPU:  0.0%
----------------------------------------------------
Momento: 2024-08-26 20:30:23
Estado atual do processo: Dormindo (sono interruptível) (Código: S+)
Espaço de memória ocupado (PCB): 3212K
Utilização de CPU:  0.0%
----------------------------------------------------
Momento: 2024-08-26 20:30:24
Estado atual do processo: Parado (traced ou suspendido) (Código: T+)
Espaço de memória ocupado (PCB): 3212K
Utilização de CPU:  0.0%
----------------------------------------------------
Momento: 2024-08-26 20:30:25
Estado atual do processo: Parado (traced ou suspendido) (Código: T+)
Espaço de memória ocupado (PCB): 3212K
Utilização de CPU:  0.0%
----------------------------------------------------
Momento: 2024-08-26 20:30:26
Estado atual do processo: Dormindo (sono interruptível) (Código: S+)
Espaço de memória ocupado (PCB): 3212K
Utilização de CPU:  0.0%
----------------------------------------------------
Momento: 2024-08-26 20:30:27
Estado atual do processo: Dormindo (sono interruptível) (Código: S+)
Espaço de memória ocupado (PCB): 3212K
Utilização de CPU:  0.0%
Processo com PID 8127 foi finalizado.
Monitoramento do processo concluído.
Iniciando monitoramento detalhado do processo com PID 7309...
Monitoramento será feito por 50 segundos.
----------------------------------------------------
Momento: 2024-08-26 20:30:47
Estado atual do processo: Dormindo (sono interruptível) (Código: S+)
Espaço de memória ocupado (PCB): 7948K
Utilização de CPU:  0.1%
----------------------------------------------------
Momento: 2024-08-26 20:30:48
Estado atual do processo: Dormindo (sono interruptível) (Código: S+)
Espaço de memória ocupado (PCB): 7948K
Utilização de CPU:  0.1%
----------------------------------------------------
Momento: 2024-08-26 20:30:49
Estado atual do processo: Dormindo (sono interruptível) (Código: S+)
Espaço de memória ocupado (PCB): 7948K
Utilização de CPU:  0.1%
----------------------------------------------------
Momento: 2024-08-26 20:30:50
Estado atual do processo: Dormindo (sono interruptível) (Código: S+)
Espaço de memória ocupado (PCB): 7948K
Utilização de CPU:  0.1%
----------------------------------------------------
Momento: 2024-08-26 20:30:51
Estado atual do processo: Dormindo (sono interruptível) (Código: S+)
Espaço de memória ocupado (PCB): 7948K
Utilização de CPU:  0.1%
----------------------------------------------------
Momento: 2024-08-26 20:30:52
Estado atual do processo: Dormindo (sono interruptível) (Código: S+)
Espaço de memória ocupado (PCB): 7948K
Utilização de CPU:  0.1%
----------------------------------------------------
Momento: 2024-08-26 20:30:53
Estado atual do processo: Dormindo (sono interruptível) (Código: S+)
Espaço de memória ocupado (PCB): 7948K
Utilização de CPU:  0.1%
----------------------------------------------------
Momento: 2024-08-26 20:30:54
Estado atual do processo: Dormindo (sono interruptível) (Código: S+)
Espaço de memória ocupado (PCB): 7948K
Utilização de CPU:  0.1%
----------------------------------------------------
Momento: 2024-08-26 20:30:55
Estado atual do processo: Dormindo (sono interruptível) (Código: S+)
Espaço de memória ocupado (PCB): 7948K
Utilização de CPU:  0.1%
----------------------------------------------------
Momento: 2024-08-26 20:30:56
Estado atual do processo: Dormindo (sono interruptível) (Código: S+)
Espaço de memória ocupado (PCB): 7948K
Utilização de CPU:  0.1%
----------------------------------------------------
Momento: 2024-08-26 20:30:57
Estado atual do processo: Dormindo (sono interruptível) (Código: S+)
Espaço de memória ocupado (PCB): 7948K
Utilização de CPU:  0.1%
----------------------------------------------------
Momento: 2024-08-26 20:30:58
Estado atual do processo: Dormindo (sono interruptível) (Código: S+)
Espaço de memória ocupado (PCB): 7948K
Utilização de CPU:  0.1%
----------------------------------------------------
Momento: 2024-08-26 20:30:59
Estado atual do processo: Dormindo (sono interruptível) (Código: S+)
Espaço de memória ocupado (PCB): 7948K
Utilização de CPU:  0.1%
----------------------------------------------------
Momento: 2024-08-26 20:31:01
Estado atual do processo: Dormindo (sono interruptível) (Código: S+)
Espaço de memória ocupado (PCB): 7948K
Utilização de CPU:  0.1%
----------------------------------------------------
Momento: 2024-08-26 20:31:02
Estado atual do processo: Dormindo (sono interruptível) (Código: S+)
Espaço de memória ocupado (PCB): 7948K
Utilização de CPU:  0.1%
----------------------------------------------------
Momento: 2024-08-26 20:31:03
Estado atual do processo: Dormindo (sono interruptível) (Código: S+)
Espaço de memória ocupado (PCB): 7948K
Utilização de CPU:  0.1%
----------------------------------------------------
Momento: 2024-08-26 20:31:04
Estado atual do processo: Dormindo (sono interruptível) (Código: S+)
Espaço de memória ocupado (PCB): 7948K
Utilização de CPU:  0.1%
----------------------------------------------------
Momento: 2024-08-26 20:31:05
Estado atual do processo: Dormindo (sono interruptível) (Código: S+)
Espaço de memória ocupado (PCB): 7948K
Utilização de CPU:  0.1%
----------------------------------------------------
Momento: 2024-08-26 20:31:06
Estado atual do processo: Dormindo (sono interruptível) (Código: S+)
Espaço de memória ocupado (PCB): 7948K
Utilização de CPU:  0.1%
----------------------------------------------------
Momento: 2024-08-26 20:31:07
Estado atual do processo: Dormindo (sono interruptível) (Código: S+)
Espaço de memória ocupado (PCB): 7948K
Utilização de CPU:  0.1%
----------------------------------------------------
Momento: 2024-08-26 20:31:08
Estado atual do processo: Dormindo (sono interruptível) (Código: S+)
Espaço de memória ocupado (PCB): 7948K
Utilização de CPU:  0.1%
----------------------------------------------------
Momento: 2024-08-26 20:31:09
Estado atual do processo: Dormindo (sono interruptível) (Código: S+)
Espaço de memória ocupado (PCB): 7948K
Utilização de CPU:  0.1%
----------------------------------------------------
Momento: 2024-08-26 20:31:10
Estado atual do processo: Dormindo (sono interruptível) (Código: S+)
Espaço de memória ocupado (PCB): 7948K
Utilização de CPU:  0.1%
----------------------------------------------------
Momento: 2024-08-26 20:31:11
Estado atual do processo: Dormindo (sono interruptível) (Código: S+)
Espaço de memória ocupado (PCB): 7948K
Utilização de CPU:  0.1%
Iniciando monitoramento detalhado do processo com PID 1...
Monitoramento será feito por 50 segundos.
----------------------------------------------------
Momento: 2024-08-26 20:32:00
Estado atual do processo: Executando (Código: Rs)
Espaço de memória ocupado (PCB): 165928K
Utilização de CPU:  1.5%
----------------------------------------------------
Momento: 2024-08-26 20:32:01
Estado atual do processo: Dormindo (sono interruptível) (Código: Ss)
Espaço de memória ocupado (PCB): 165928K
Utilização de CPU:  1.5%
----------------------------------------------------
Momento: 2024-08-26 20:32:02
Estado atual do processo: Dormindo (sono interruptível) (Código: Ss)
Espaço de memória ocupado (PCB): 165928K
Utilização de CPU:  1.5%
----------------------------------------------------
Momento: 2024-08-26 20:32:03
Estado atual do processo: Dormindo (sono interruptível) (Código: Ss)
Espaço de memória ocupado (PCB): 165928K
Utilização de CPU:  1.5%
----------------------------------------------------
Momento: 2024-08-26 20:32:04
Estado atual do processo: Dormindo (sono interruptível) (Código: Ss)
Espaço de memória ocupado (PCB): 165928K
Utilização de CPU:  1.5%
----------------------------------------------------
Momento: 2024-08-26 20:32:06
Estado atual do processo: Dormindo (sono interruptível) (Código: Ss)
Espaço de memória ocupado (PCB): 165928K
Utilização de CPU:  1.5%
----------------------------------------------------
Momento: 2024-08-26 20:32:07
Estado atual do processo: Dormindo (sono interruptível) (Código: Ss)
Espaço de memória ocupado (PCB): 165928K
Utilização de CPU:  1.5%
----------------------------------------------------
Momento: 2024-08-26 20:32:08
Estado atual do processo: Dormindo (sono interruptível) (Código: Ss)
Espaço de memória ocupado (PCB): 165928K
Utilização de CPU:  1.5%
----------------------------------------------------
Momento: 2024-08-26 20:32:09
Estado atual do processo: Dormindo (sono interruptível) (Código: Ss)
Espaço de memória ocupado (PCB): 165928K
Utilização de CPU:  1.5%
----------------------------------------------------
Momento: 2024-08-26 20:32:10
Estado atual do processo: Dormindo (sono interruptível) (Código: Ss)
Espaço de memória ocupado (PCB): 165928K
Utilização de CPU:  1.5%
----------------------------------------------------
Momento: 2024-08-26 20:32:11
Estado atual do processo: Dormindo (sono interruptível) (Código: Ss)
Espaço de memória ocupado (PCB): 165928K
Utilização de CPU:  1.5%
----------------------------------------------------
Momento: 2024-08-26 20:32:12
Estado atual do processo: Dormindo (sono interruptível) (Código: Ss)
Espaço de memória ocupado (PCB): 165928K
Utilização de CPU:  1.5%
----------------------------------------------------
Momento: 2024-08-26 20:32:13
Estado atual do processo: Dormindo (sono interruptível) (Código: Ss)
Espaço de memória ocupado (PCB): 165928K
Utilização de CPU:  1.5%
----------------------------------------------------
Momento: 2024-08-26 20:32:14
Estado atual do processo: Dormindo (sono interruptível) (Código: Ss)
Espaço de memória ocupado (PCB): 165928K
Utilização de CPU:  1.5%
----------------------------------------------------
Momento: 2024-08-26 20:32:15
Estado atual do processo: Dormindo (sono interruptível) (Código: Ss)
Espaço de memória ocupado (PCB): 165928K
Utilização de CPU:  1.5%
----------------------------------------------------
Momento: 2024-08-26 20:32:16
Estado atual do processo: Dormindo (sono interruptível) (Código: Ss)
Espaço de memória ocupado (PCB): 165928K
Utilização de CPU:  1.5%
----------------------------------------------------
Momento: 2024-08-26 20:32:17
Estado atual do processo: Dormindo (sono interruptível) (Código: Ss)
Espaço de memória ocupado (PCB): 165928K
Utilização de CPU:  1.5%
----------------------------------------------------
Momento: 2024-08-26 20:32:18
Estado atual do processo: Dormindo (sono interruptível) (Código: Ss)
Espaço de memória ocupado (PCB): 165928K
Utilização de CPU:  1.5%
----------------------------------------------------
Momento: 2024-08-26 20:32:19
Estado atual do processo: Dormindo (sono interruptível) (Código: Ss)
Espaço de memória ocupado (PCB): 165928K
Utilização de CPU:  1.5%
----------------------------------------------------
Momento: 2024-08-26 20:32:21
Estado atual do processo: Dormindo (sono interruptível) (Código: Ss)
Espaço de memória ocupado (PCB): 165928K
Utilização de CPU:  1.5%
----------------------------------------------------
Momento: 2024-08-26 20:32:22
Estado atual do processo: Dormindo (sono interruptível) (Código: Ss)
Espaço de memória ocupado (PCB): 165928K
Utilização de CPU:  1.5%
----------------------------------------------------
Momento: 2024-08-26 20:32:23
Estado atual do processo: Dormindo (sono interruptível) (Código: Ss)
Espaço de memória ocupado (PCB): 165928K
Utilização de CPU:  1.5%
----------------------------------------------------
Momento: 2024-08-26 20:32:24
Estado atual do processo: Dormindo (sono interruptível) (Código: Ss)
Espaço de memória ocupado (PCB): 165928K
Utilização de CPU:  1.5%
----------------------------------------------------
Momento: 2024-08-26 20:32:25
Estado atual do processo: Dormindo (sono interruptível) (Código: Ss)
Espaço de memória ocupado (PCB): 165928K
Utilização de CPU:  1.5%
----------------------------------------------------
Momento: 2024-08-26 20:32:26
Estado atual do processo: Dormindo (sono interruptível) (Código: Ss)
Espaço de memória ocupado (PCB): 165928K
Utilização de CPU:  1.5%
----------------------------------------------------
Momento: 2024-08-26 20:32:27
Estado atual do processo: Dormindo (sono interruptível) (Código: Ss)
Espaço de memória ocupado (PCB): 165928K
Utilização de CPU:  1.5%
----------------------------------------------------
Momento: 2024-08-26 20:32:28
Estado atual do processo: Dormindo (sono interruptível) (Código: Ss)
Espaço de memória ocupado (PCB): 165928K
Utilização de CPU:  1.5%
----------------------------------------------------
Momento: 2024-08-26 20:32:29
Estado atual do processo: Dormindo (sono interruptível) (Código: Ss)
Espaço de memória ocupado (PCB): 165928K
Utilização de CPU:  1.5%
----------------------------------------------------
Momento: 2024-08-26 20:32:30
Estado atual do processo: Dormindo (sono interruptível) (Código: Ss)
Espaço de memória ocupado (PCB): 165928K
Utilização de CPU:  1.5%
----------------------------------------------------
Momento: 2024-08-26 20:32:31
Estado atual do processo: Dormindo (sono interruptível) (Código: Ss)
Espaço de memória ocupado (PCB): 165928K
Utilização de CPU:  1.5%
----------------------------------------------------
Momento: 2024-08-26 20:32:32
Estado atual do processo: Dormindo (sono interruptível) (Código: Ss)
Espaço de memória ocupado (PCB): 165928K
Utilização de CPU:  1.5%
----------------------------------------------------
Momento: 2024-08-26 20:32:33
Estado atual do processo: Dormindo (sono interruptível) (Código: Ss)
Espaço de memória ocupado (PCB): 165928K
Utilização de CPU:  1.5%
----------------------------------------------------
Momento: 2024-08-26 20:32:34
Estado atual do processo: Dormindo (sono interruptível) (Código: Ss)
Espaço de memória ocupado (PCB): 165928K
Utilização de CPU:  1.5%
----------------------------------------------------
Momento: 2024-08-26 20:32:36
Estado atual do processo: Dormindo (sono interruptível) (Código: Ss)
Espaço de memória ocupado (PCB): 165928K
Utilização de CPU:  1.5%
----------------------------------------------------
Momento: 2024-08-26 20:32:37
Estado atual do processo: Dormindo (sono interruptível) (Código: Ss)
Espaço de memória ocupado (PCB): 165928K
Utilização de CPU:  1.5%
----------------------------------------------------
Momento: 2024-08-26 20:32:38
Estado atual do processo: Dormindo (sono interruptível) (Código: Ss)
Espaço de memória ocupado (PCB): 165928K
Utilização de CPU:  1.5%
----------------------------------------------------
Momento: 2024-08-26 20:32:39
Estado atual do processo: Dormindo (sono interruptível) (Código: Ss)
Espaço de memória ocupado (PCB): 165928K
Utilização de CPU:  1.5%
----------------------------------------------------
Momento: 2024-08-26 20:32:40
Estado atual do processo: Dormindo (sono interruptível) (Código: Ss)
Espaço de memória ocupado (PCB): 165928K
Utilização de CPU:  1.5%
----------------------------------------------------
Momento: 2024-08-26 20:32:41
Estado atual do processo: Dormindo (sono interruptível) (Código: Ss)
Espaço de memória ocupado (PCB): 165928K
Utilização de CPU:  1.5%
----------------------------------------------------
Momento: 2024-08-26 20:32:42
Estado atual do processo: Dormindo (sono interruptível) (Código: Ss)
Espaço de memória ocupado (PCB): 165928K
Utilização de CPU:  1.5%
----------------------------------------------------
Momento: 2024-08-26 20:32:43
Estado atual do processo: Dormindo (sono interruptível) (Código: Ss)
Espaço de memória ocupado (PCB): 165928K
Utilização de CPU:  1.5%
----------------------------------------------------
Momento: 2024-08-26 20:32:44
Estado atual do processo: Dormindo (sono interruptível) (Código: Ss)
Espaço de memória ocupado (PCB): 165928K
Utilização de CPU:  1.5%
----------------------------------------------------
Momento: 2024-08-26 20:32:45
Estado atual do processo: Dormindo (sono interruptível) (Código: Ss)
Espaço de memória ocupado (PCB): 165928K
Utilização de CPU:  1.5%
----------------------------------------------------
Momento: 2024-08-26 20:32:46
Estado atual do processo: Dormindo (sono interruptível) (Código: Ss)
Espaço de memória ocupado (PCB): 165928K
Utilização de CPU:  1.5%
----------------------------------------------------
Momento: 2024-08-26 20:32:47
Estado atual do processo: Dormindo (sono interruptível) (Código: Ss)
Espaço de memória ocupado (PCB): 165928K
Utilização de CPU:  1.5%
----------------------------------------------------
Momento: 2024-08-26 20:32:48
Estado atual do processo: Dormindo (sono interruptível) (Código: Ss)
Espaço de memória ocupado (PCB): 165928K
Utilização de CPU:  1.5%
----------------------------------------------------
Momento: 2024-08-26 20:32:49
Estado atual do processo: Dormindo (sono interruptível) (Código: Ss)
Espaço de memória ocupado (PCB): 165928K
Utilização de CPU:  1.5%
Tempo limite de monitoramento (50 segundos) atingido.
Monitoramento do processo concluído.
Iniciando monitoramento detalhado do processo com PID 1...
Monitoramento será feito por 50 segundos.
----------------------------------------------------
Momento: 2024-08-26 20:33:34
Estado atual do processo: Dormindo (sono interruptível) (Código: Ss)
Espaço de memória ocupado (PCB): 165928K
Utilização de CPU:  1.5%
----------------------------------------------------
Momento: 2024-08-26 20:33:35
Estado atual do processo: Dormindo (sono interruptível) (Código: Ss)
Espaço de memória ocupado (PCB): 165928K
Utilização de CPU:  1.5%
----------------------------------------------------
Momento: 2024-08-26 20:33:36
Estado atual do processo: Dormindo (sono interruptível) (Código: Ss)
Espaço de memória ocupado (PCB): 165928K
Utilização de CPU:  1.5%
----------------------------------------------------
Momento: 2024-08-26 20:33:37
Estado atual do processo: Dormindo (sono interruptível) (Código: Ss)
Espaço de memória ocupado (PCB): 165928K
Utilização de CPU:  1.5%
----------------------------------------------------
Momento: 2024-08-26 20:33:38
Estado atual do processo: Dormindo (sono interruptível) (Código: Ss)
Espaço de memória ocupado (PCB): 165928K
Utilização de CPU:  1.5%
----------------------------------------------------
Momento: 2024-08-26 20:33:39
Estado atual do processo: Executando (Código: Rs)
Espaço de memória ocupado (PCB): 165928K
Utilização de CPU:  1.5%
----------------------------------------------------
Momento: 2024-08-26 20:33:41
Estado atual do processo: Dormindo (sono interruptível) (Código: Ss)
Espaço de memória ocupado (PCB): 165928K
Utilização de CPU:  1.5%
----------------------------------------------------
Momento: 2024-08-26 20:33:42
Estado atual do processo: Dormindo (sono interruptível) (Código: Ss)
Espaço de memória ocupado (PCB): 165928K
Utilização de CPU:  1.5%
----------------------------------------------------
Momento: 2024-08-26 20:33:43
Estado atual do processo: Dormindo (sono interruptível) (Código: Ss)
Espaço de memória ocupado (PCB): 165928K
Utilização de CPU:  1.5%
----------------------------------------------------
Momento: 2024-08-26 20:33:44
Estado atual do processo: Dormindo (sono interruptível) (Código: Ss)
Espaço de memória ocupado (PCB): 165928K
Utilização de CPU:  1.5%
----------------------------------------------------
Momento: 2024-08-26 20:33:45
Estado atual do processo: Dormindo (sono interruptível) (Código: Ss)
Espaço de memória ocupado (PCB): 165928K
Utilização de CPU:  1.5%
----------------------------------------------------
Momento: 2024-08-26 20:33:46
Estado atual do processo: Dormindo (sono interruptível) (Código: Ss)
Espaço de memória ocupado (PCB): 165928K
Utilização de CPU:  1.5%
----------------------------------------------------
Momento: 2024-08-26 20:33:47
Estado atual do processo: Dormindo (sono interruptível) (Código: Ss)
Espaço de memória ocupado (PCB): 165928K
Utilização de CPU:  1.5%
----------------------------------------------------
Momento: 2024-08-26 20:33:48
Estado atual do processo: Dormindo (sono interruptível) (Código: Ss)
Espaço de memória ocupado (PCB): 165928K
Utilização de CPU:  1.5%
----------------------------------------------------
Momento: 2024-08-26 20:33:49
Estado atual do processo: Dormindo (sono interruptível) (Código: Ss)
Espaço de memória ocupado (PCB): 165928K
Utilização de CPU:  1.5%
----------------------------------------------------
Momento: 2024-08-26 20:33:50
Estado atual do processo: Dormindo (sono interruptível) (Código: Ss)
Espaço de memória ocupado (PCB): 165928K
Utilização de CPU:  1.5%
----------------------------------------------------
Momento: 2024-08-26 20:33:51
Estado atual do processo: Dormindo (sono interruptível) (Código: Ss)
Espaço de memória ocupado (PCB): 165928K
Utilização de CPU:  1.5%
----------------------------------------------------
Momento: 2024-08-26 20:33:52
Estado atual do processo: Dormindo (sono interruptível) (Código: Ss)
Espaço de memória ocupado (PCB): 165928K
Utilização de CPU:  1.5%
----------------------------------------------------
Momento: 2024-08-26 20:33:53
Estado atual do processo: Dormindo (sono interruptível) (Código: Ss)
Espaço de memória ocupado (PCB): 165928K
Utilização de CPU:  1.5%
----------------------------------------------------
Momento: 2024-08-26 20:33:54
Estado atual do processo: Dormindo (sono interruptível) (Código: Ss)
Espaço de memória ocupado (PCB): 165928K
Utilização de CPU:  1.5%
----------------------------------------------------
Momento: 2024-08-26 20:33:56
Estado atual do processo: Dormindo (sono interruptível) (Código: Ss)
Espaço de memória ocupado (PCB): 165928K
Utilização de CPU:  1.5%
----------------------------------------------------
Momento: 2024-08-26 20:33:57
Estado atual do processo: Dormindo (sono interruptível) (Código: Ss)
Espaço de memória ocupado (PCB): 165928K
Utilização de CPU:  1.5%
----------------------------------------------------
Momento: 2024-08-26 20:33:58
Estado atual do processo: Dormindo (sono interruptível) (Código: Ss)
Espaço de memória ocupado (PCB): 165928K
Utilização de CPU:  1.5%
----------------------------------------------------
Momento: 2024-08-26 20:33:59
Estado atual do processo: Dormindo (sono interruptível) (Código: Ss)
Espaço de memória ocupado (PCB): 165928K
Utilização de CPU:  1.5%
----------------------------------------------------
Momento: 2024-08-26 20:34:00
Estado atual do processo: Dormindo (sono interruptível) (Código: Ss)
Espaço de memória ocupado (PCB): 165928K
Utilização de CPU:  1.5%
----------------------------------------------------
Momento: 2024-08-26 20:34:01
Estado atual do processo: Dormindo (sono interruptível) (Código: Ss)
Espaço de memória ocupado (PCB): 165928K
Utilização de CPU:  1.5%
----------------------------------------------------
Momento: 2024-08-26 20:34:02
Estado atual do processo: Dormindo (sono interruptível) (Código: Ss)
Espaço de memória ocupado (PCB): 165928K
Utilização de CPU:  1.5%
----------------------------------------------------
Momento: 2024-08-26 20:34:03
Estado atual do processo: Dormindo (sono interruptível) (Código: Ss)
Espaço de memória ocupado (PCB): 165928K
Utilização de CPU:  1.5%
----------------------------------------------------
Momento: 2024-08-26 20:34:04
Estado atual do processo: Dormindo (sono interruptível) (Código: Ss)
Espaço de memória ocupado (PCB): 165928K
Utilização de CPU:  1.5%
----------------------------------------------------
Momento: 2024-08-26 20:34:05
Estado atual do processo: Dormindo (sono interruptível) (Código: Ss)
Espaço de memória ocupado (PCB): 165928K
Utilização de CPU:  1.5%
----------------------------------------------------
Momento: 2024-08-26 20:34:06
Estado atual do processo: Dormindo (sono interruptível) (Código: Ss)
Espaço de memória ocupado (PCB): 165928K
Utilização de CPU:  1.5%
----------------------------------------------------
Momento: 2024-08-26 20:34:07
Estado atual do processo: Dormindo (sono interruptível) (Código: Ss)
Espaço de memória ocupado (PCB): 165928K
Utilização de CPU:  1.5%
----------------------------------------------------
Momento: 2024-08-26 20:34:08
Estado atual do processo: Dormindo (sono interruptível) (Código: Ss)
Espaço de memória ocupado (PCB): 165928K
Utilização de CPU:  1.5%
----------------------------------------------------
Momento: 2024-08-26 20:34:09
Estado atual do processo: Dormindo (sono interruptível) (Código: Ss)
Espaço de memória ocupado (PCB): 165928K
Utilização de CPU:  1.5%
----------------------------------------------------
Momento: 2024-08-26 20:34:11
Estado atual do processo: Dormindo (sono interruptível) (Código: Ss)
Espaço de memória ocupado (PCB): 165928K
Utilização de CPU:  1.5%
----------------------------------------------------
Momento: 2024-08-26 20:34:12
Estado atual do processo: Dormindo (sono interruptível) (Código: Ss)
Espaço de memória ocupado (PCB): 165928K
Utilização de CPU:  1.5%
----------------------------------------------------
Momento: 2024-08-26 20:34:13
Estado atual do processo: Executando (Código: Rs)
Espaço de memória ocupado (PCB): 165928K
Utilização de CPU:  1.5%
----------------------------------------------------
Momento: 2024-08-26 20:34:14
Estado atual do processo: Dormindo (sono interruptível) (Código: Ss)
Espaço de memória ocupado (PCB): 165928K
Utilização de CPU:  1.5%
----------------------------------------------------
Momento: 2024-08-26 20:34:15
Estado atual do processo: Dormindo (sono interruptível) (Código: Ss)
Espaço de memória ocupado (PCB): 165928K
Utilização de CPU:  1.5%
----------------------------------------------------
Momento: 2024-08-26 20:34:16
Estado atual do processo: Dormindo (sono interruptível) (Código: Ss)
Espaço de memória ocupado (PCB): 165928K
Utilização de CPU:  1.5%
----------------------------------------------------
Momento: 2024-08-26 20:34:17
Estado atual do processo: Dormindo (sono interruptível) (Código: Ss)
Espaço de memória ocupado (PCB): 165928K
Utilização de CPU:  1.5%
----------------------------------------------------
Momento: 2024-08-26 20:34:18
Estado atual do processo: Dormindo (sono interruptível) (Código: Ss)
Espaço de memória ocupado (PCB): 165928K
Utilização de CPU:  1.5%
----------------------------------------------------
Momento: 2024-08-26 20:34:19
Estado atual do processo: Dormindo (sono interruptível) (Código: Ss)
Espaço de memória ocupado (PCB): 165928K
Utilização de CPU:  1.5%
----------------------------------------------------
Momento: 2024-08-26 20:34:20
Estado atual do processo: Dormindo (sono interruptível) (Código: Ss)
Espaço de memória ocupado (PCB): 165928K
Utilização de CPU:  1.5%
----------------------------------------------------
Momento: 2024-08-26 20:34:21
Estado atual do processo: Dormindo (sono interruptível) (Código: Ss)
Espaço de memória ocupado (PCB): 165928K
Utilização de CPU:  1.5%
----------------------------------------------------
Momento: 2024-08-26 20:34:22
Estado atual do processo: Dormindo (sono interruptível) (Código: Ss)
Espaço de memória ocupado (PCB): 165928K
Utilização de CPU:  1.5%
----------------------------------------------------
Momento: 2024-08-26 20:34:23
Estado atual do processo: Dormindo (sono interruptível) (Código: Ss)
Espaço de memória ocupado (PCB): 165928K
Utilização de CPU:  1.5%
Tempo limite de monitoramento (50 segundos) atingido.
Monitoramento do processo concluído.
Iniciando monitoramento detalhado do processo com PID 15111...
Monitoramento será feito por 50 segundos.
----------------------------------------------------
Momento: 2024-08-26 20:47:34
Estado atual do processo: Dormindo (sono interruptível) (Código: S+)
Espaço de memória ocupado (PCB): 3212K
Utilização de CPU:  0.0%
----------------------------------------------------
Momento: 2024-08-26 20:47:36
Estado atual do processo: Dormindo (sono interruptível) (Código: S+)
Espaço de memória ocupado (PCB): 3212K
Utilização de CPU:  0.0%
----------------------------------------------------
Momento: 2024-08-26 20:47:37
Estado atual do processo: Parado (traced ou suspendido) (Código: T+)
Espaço de memória ocupado (PCB): 3212K
Utilização de CPU:  0.0%
----------------------------------------------------
Momento: 2024-08-26 20:47:38
Estado atual do processo: Parado (traced ou suspendido) (Código: T+)
Espaço de memória ocupado (PCB): 3212K
Utilização de CPU:  0.0%
----------------------------------------------------
Momento: 2024-08-26 20:47:39
Estado atual do processo: Dormindo (sono interruptível) (Código: S+)
Espaço de memória ocupado (PCB): 3212K
Utilização de CPU:  0.0%
----------------------------------------------------
Momento: 2024-08-26 20:47:40
Estado atual do processo: Dormindo (sono interruptível) (Código: S+)
Espaço de memória ocupado (PCB): 3212K
Utilização de CPU:  0.0%
Processo com PID 15111 foi finalizado.
Monitoramento do processo concluído.
Iniciando monitoramento detalhado do processo com PID 168...
Monitoramento será feito por 50 segundos.
----------------------------------------------------
Momento: 2024-08-26 20:50:04
Estado atual do processo: Dormindo (sono interruptível) (Código: Ss)
Espaço de memória ocupado (PCB): 4308K
Utilização de CPU:  0.0%
----------------------------------------------------
Momento: 2024-08-26 20:50:05
Estado atual do processo: Dormindo (sono interruptível) (Código: Ss)
Espaço de memória ocupado (PCB): 4308K
Utilização de CPU:  0.0%
----------------------------------------------------
Momento: 2024-08-26 20:50:07
Estado atual do processo: Dormindo (sono interruptível) (Código: Ss)
Espaço de memória ocupado (PCB): 4308K
Utilização de CPU:  0.0%
----------------------------------------------------
Momento: 2024-08-26 20:50:08
Estado atual do processo: Dormindo (sono interruptível) (Código: Ss)
Espaço de memória ocupado (PCB): 4308K
Utilização de CPU:  0.0%
----------------------------------------------------
Momento: 2024-08-26 20:50:09
Estado atual do processo: Dormindo (sono interruptível) (Código: Ss)
Espaço de memória ocupado (PCB): 4308K
Utilização de CPU:  0.0%
----------------------------------------------------
Momento: 2024-08-26 20:50:10
Estado atual do processo: Dormindo (sono interruptível) (Código: Ss)
Espaço de memória ocupado (PCB): 4308K
Utilização de CPU:  0.0%
----------------------------------------------------
Momento: 2024-08-26 20:50:11
Estado atual do processo: Dormindo (sono interruptível) (Código: Ss)
Espaço de memória ocupado (PCB): 4308K
Utilização de CPU:  0.0%
----------------------------------------------------
Momento: 2024-08-26 20:50:12
Estado atual do processo: Dormindo (sono interruptível) (Código: Ss)
Espaço de memória ocupado (PCB): 4308K
Utilização de CPU:  0.0%
----------------------------------------------------
Momento: 2024-08-26 20:50:13
Estado atual do processo: Dormindo (sono interruptível) (Código: Ss)
Espaço de memória ocupado (PCB): 4308K
Utilização de CPU:  0.0%
----------------------------------------------------
Momento: 2024-08-26 20:50:14
Estado atual do processo: Dormindo (sono interruptível) (Código: Ss)
Espaço de memória ocupado (PCB): 4308K
Utilização de CPU:  0.0%
----------------------------------------------------
Momento: 2024-08-26 20:50:15
Estado atual do processo: Dormindo (sono interruptível) (Código: Ss)
Espaço de memória ocupado (PCB): 4308K
Utilização de CPU:  0.0%
----------------------------------------------------
Momento: 2024-08-26 20:50:16
Estado atual do processo: Dormindo (sono interruptível) (Código: Ss)
Espaço de memória ocupado (PCB): 4308K
Utilização de CPU:  0.0%
----------------------------------------------------
Momento: 2024-08-26 20:50:17
Estado atual do processo: Dormindo (sono interruptível) (Código: Ss)
Espaço de memória ocupado (PCB): 4308K
Utilização de CPU:  0.0%
----------------------------------------------------
Momento: 2024-08-26 20:50:18
Estado atual do processo: Dormindo (sono interruptível) (Código: Ss)
Espaço de memória ocupado (PCB): 4308K
Utilização de CPU:  0.0%
----------------------------------------------------
Momento: 2024-08-26 20:50:19
Estado atual do processo: Dormindo (sono interruptível) (Código: Ss)
Espaço de memória ocupado (PCB): 4308K
Utilização de CPU:  0.0%
----------------------------------------------------
Momento: 2024-08-26 20:50:21
Estado atual do processo: Dormindo (sono interruptível) (Código: Ss)
Espaço de memória ocupado (PCB): 4308K
Utilização de CPU:  0.0%
----------------------------------------------------
Momento: 2024-08-26 20:50:22
Estado atual do processo: Dormindo (sono interruptível) (Código: Ss)
Espaço de memória ocupado (PCB): 4308K
Utilização de CPU:  0.0%
----------------------------------------------------
Momento: 2024-08-26 20:50:23
Estado atual do processo: Dormindo (sono interruptível) (Código: Ss)
Espaço de memória ocupado (PCB): 4308K
Utilização de CPU:  0.0%
----------------------------------------------------
Momento: 2024-08-26 20:50:24
Estado atual do processo: Dormindo (sono interruptível) (Código: Ss)
Espaço de memória ocupado (PCB): 4308K
Utilização de CPU:  0.0%
----------------------------------------------------
Momento: 2024-08-26 20:50:25
Estado atual do processo: Dormindo (sono interruptível) (Código: Ss)
Espaço de memória ocupado (PCB): 4308K
Utilização de CPU:  0.0%
----------------------------------------------------
Momento: 2024-08-26 20:50:26
